0 info it worked if it ends with ok
1 verbose cli [ 'C:\\Program Files (x86)\\nodejs\\node.exe',
1 verbose cli   'C:\\Program Files (x86)\\nodejs\\node_modules\\npm\\bin\\npm-cli.js',
1 verbose cli   'run',
1 verbose cli   'deploy' ]
2 info using npm@3.10.10
3 info using node@v6.9.4
4 verbose run-script [ 'predeploy', 'deploy', 'postdeploy' ]
5 info lifecycle breakout@1.0.0~predeploy: breakout@1.0.0
6 verbose lifecycle breakout@1.0.0~predeploy: unsafe-perm in lifecycle true
7 verbose lifecycle breakout@1.0.0~predeploy: PATH: C:\Program Files (x86)\nodejs\node_modules\npm\bin\node-gyp-bin;C:\Users\Rubic\Desktop\breakout\node_modules\.bin;C:\Program Files\Python36\Scripts\;C:\Program Files\Python36\;C:\Program Files\Microsoft MPI\Bin\;C:\ProgramData\Oracle\Java\javapath;C:\Perl64\site\bin;C:\Perl64\bin;C:\Windows\system32;C:\Windows;C:\Windows\System32\Wbem;C:\Windows\System32\WindowsPowerShell\v1.0\;C:\Program Files (x86)\GitExtensions\;C:\Program Files (x86)\IVI Foundation\VISA\WinNT\Bin;C:\Program Files\SlikSvn\bin;C:\Program Files (x86)\SMLNJ\bin\;C:\Program Files\TortoiseSVN\bin;C:\Program Files (x86)\scala\bin;C:\Users\brdunn\.dnx\bin;C:\Program Files\Microsoft DNX\Dnvm\;C:\Program Files\Microsoft SQL Server\120\Tools\Binn\;C:\Program Files\Microsoft SQL Server\130\Tools\Binn\;C:\Program Files (x86)\Microsoft Emulator Manager\1.0\;\\files.cs.ksu.edu\research\plgroup\sireum\win64\Sireum;\\files.cs.ksu.edu\research\plgroup\sireum\win64\Sireum;C:\Program Files\Java\jdk1.8.0_101\bin;C:\Program Files (x86)\nodejs\;C:\Program Files\dotnet\;C:\Program Files\Git\cmd;C:\Program Files (x86)\GtkSharp\2.12\bin;\\files.cs.ksu.edu\research\plgroup\sireum\win64\Sireum\apps\z3\bin;C:\Users\Rubic\AppData\Local\atom\bin
8 verbose lifecycle breakout@1.0.0~predeploy: CWD: C:\Users\Rubic\Desktop\breakout
9 silly lifecycle breakout@1.0.0~predeploy: Args: [ '/d /s /c', 'npm run build' ]
10 silly lifecycle breakout@1.0.0~predeploy: Returned: code: 0  signal: null
11 info lifecycle breakout@1.0.0~deploy: breakout@1.0.0
12 verbose lifecycle breakout@1.0.0~deploy: unsafe-perm in lifecycle true
13 verbose lifecycle breakout@1.0.0~deploy: PATH: C:\Program Files (x86)\nodejs\node_modules\npm\bin\node-gyp-bin;C:\Users\Rubic\Desktop\breakout\node_modules\.bin;C:\Program Files\Python36\Scripts\;C:\Program Files\Python36\;C:\Program Files\Microsoft MPI\Bin\;C:\ProgramData\Oracle\Java\javapath;C:\Perl64\site\bin;C:\Perl64\bin;C:\Windows\system32;C:\Windows;C:\Windows\System32\Wbem;C:\Windows\System32\WindowsPowerShell\v1.0\;C:\Program Files (x86)\GitExtensions\;C:\Program Files (x86)\IVI Foundation\VISA\WinNT\Bin;C:\Program Files\SlikSvn\bin;C:\Program Files (x86)\SMLNJ\bin\;C:\Program Files\TortoiseSVN\bin;C:\Program Files (x86)\scala\bin;C:\Users\brdunn\.dnx\bin;C:\Program Files\Microsoft DNX\Dnvm\;C:\Program Files\Microsoft SQL Server\120\Tools\Binn\;C:\Program Files\Microsoft SQL Server\130\Tools\Binn\;C:\Program Files (x86)\Microsoft Emulator Manager\1.0\;\\files.cs.ksu.edu\research\plgroup\sireum\win64\Sireum;\\files.cs.ksu.edu\research\plgroup\sireum\win64\Sireum;C:\Program Files\Java\jdk1.8.0_101\bin;C:\Program Files (x86)\nodejs\;C:\Program Files\dotnet\;C:\Program Files\Git\cmd;C:\Program Files (x86)\GtkSharp\2.12\bin;\\files.cs.ksu.edu\research\plgroup\sireum\win64\Sireum\apps\z3\bin;C:\Users\Rubic\AppData\Local\atom\bin
14 verbose lifecycle breakout@1.0.0~deploy: CWD: C:\Users\Rubic\Desktop\breakout
15 silly lifecycle breakout@1.0.0~deploy: Args: [ '/d /s /c', 'gh-pages -d build' ]
16 silly lifecycle breakout@1.0.0~deploy: Returned: code: 1  signal: null
17 info lifecycle breakout@1.0.0~deploy: Failed to exec deploy script
18 verbose stack Error: breakout@1.0.0 deploy: `gh-pages -d build`
18 verbose stack Exit status 1
18 verbose stack     at EventEmitter.<anonymous> (C:\Program Files (x86)\nodejs\node_modules\npm\lib\utils\lifecycle.js:255:16)
18 verbose stack     at emitTwo (events.js:106:13)
18 verbose stack     at EventEmitter.emit (events.js:191:7)
18 verbose stack     at ChildProcess.<anonymous> (C:\Program Files (x86)\nodejs\node_modules\npm\lib\utils\spawn.js:40:14)
18 verbose stack     at emitTwo (events.js:106:13)
18 verbose stack     at ChildProcess.emit (events.js:191:7)
18 verbose stack     at maybeClose (internal/child_process.js:877:16)
18 verbose stack     at Process.ChildProcess._handle.onexit (internal/child_process.js:226:5)
19 verbose pkgid breakout@1.0.0
20 verbose cwd C:\Users\Rubic\Desktop\breakout
21 error Windows_NT 6.3.9600
22 error argv "C:\\Program Files (x86)\\nodejs\\node.exe" "C:\\Program Files (x86)\\nodejs\\node_modules\\npm\\bin\\npm-cli.js" "run" "deploy"
23 error node v6.9.4
24 error npm  v3.10.10
25 error code ELIFECYCLE
26 error breakout@1.0.0 deploy: `gh-pages -d build`
26 error Exit status 1
27 error Failed at the breakout@1.0.0 deploy script 'gh-pages -d build'.
27 error Make sure you have the latest version of node.js and npm installed.
27 error If you do, this is most likely a problem with the breakout package,
27 error not with npm itself.
27 error Tell the author that this fails on your system:
27 error     gh-pages -d build
27 error You can get information on how to open an issue for this project with:
27 error     npm bugs breakout
27 error Or if that isn't available, you can get their info via:
27 error     npm owner ls breakout
27 error There is likely additional logging output above.
28 verbose exit [ 1, true ]
